This is pdfTeX, Version 3.1415926-2.5-1.40.14 (TeX Live 2013/Debian) (format=latex 2018.1.22)  19 FEB 2019 10:01
entering extended mode
 restricted \write18 enabled.
 %&-line parsing enabled.
**MultimodeFloquet.tex
(./MultimodeFloquet.tex
LaTeX2e <2011/06/27>
Babel <3.9h> and hyphenation patterns for 2 languages loaded.
(/usr/share/texlive/texmf-dist/tex/latex/base/article.cls
Document Class: article 2007/10/19 v1.4h Standard LaTeX document class
(/usr/share/texlive/texmf-dist/tex/latex/base/size10.clo
File: size10.clo 2007/10/19 v1.4h Standard LaTeX file (size option)
)
\c@part=\count79
\c@section=\count80
\c@subsection=\count81
\c@subsubsection=\count82
\c@paragraph=\count83
\c@subparagraph=\count84
\c@figure=\count85
\c@table=\count86
\abovecaptionskip=\skip41
\belowcaptionskip=\skip42
\bibindent=\dimen102
)
(/usr/share/texlive/texmf-dist/tex/latex/geometry/geometry.sty
Package: geometry 2010/09/12 v5.6 Page Geometry

(/usr/share/texlive/texmf-dist/tex/latex/graphics/keyval.sty
Package: keyval 1999/03/16 v1.13 key=value parser (DPC)
\KV@toks@=\toks14
)
(/usr/share/texlive/texmf-dist/tex/generic/oberdiek/ifpdf.sty
Package: ifpdf 2011/01/30 v2.3 Provides the ifpdf switch (HO)
Package ifpdf Info: pdfTeX in PDF mode is not detected.
)
(/usr/share/texlive/texmf-dist/tex/generic/oberdiek/ifvtex.sty
Package: ifvtex 2010/03/01 v1.5 Detect VTeX and its facilities (HO)
Package ifvtex Info: VTeX not detected.
)
(/usr/share/texlive/texmf-dist/tex/generic/ifxetex/ifxetex.sty
Package: ifxetex 2010/09/12 v0.6 Provides ifxetex conditional
)
\Gm@cnth=\count87
\Gm@cntv=\count88
\c@Gm@tempcnt=\count89
\Gm@bindingoffset=\dimen103
\Gm@wd@mp=\dimen104
\Gm@odd@mp=\dimen105
\Gm@even@mp=\dimen106
\Gm@layoutwidth=\dimen107
\Gm@layoutheight=\dimen108
\Gm@layouthoffset=\dimen109
\Gm@layoutvoffset=\dimen110
\Gm@dimlist=\toks15
)
(/usr/share/texlive/texmf-dist/tex/latex/multirow/multirow.sty
\bigstrutjot=\dimen111
)
(/usr/share/texlive/texmf-dist/tex/latex/blindtext/blindtext.sty
Package: blindtext 2012/01/06 V2.0 blindtext-Package

(/usr/share/texlive/texmf-dist/tex/latex/tools/xspace.sty
Package: xspace 2009/10/20 v1.13 Space after command names (DPC,MH)
)
\c@blindtext=\count90
\c@Blindtext=\count91
\c@blind@countparstart=\count92
\blind@countxx=\count93
\blindtext@numBlindtext=\count94
\blind@countyy=\count95
\c@blindlist=\count96
\c@blindlistlevel=\count97
\c@blindlist@level=\count98
\blind@listitem=\count99
\c@blind@listcount=\count100
\c@blind@levelcount=\count101
\blind@mathformula=\count102
\blind@Mathformula=\count103
\c@blind@randomcount=\count104
\c@blind@randommax=\count105
\c@blind@pangramcount=\count106
\c@blind@pangrammax=\count107
)
(/usr/share/texlive/texmf-dist/tex/latex/graphics/graphics.sty
Package: graphics 2009/02/05 v1.0o Standard LaTeX Graphics (DPC,SPQR)

(/usr/share/texlive/texmf-dist/tex/latex/graphics/trig.sty
Package: trig 1999/03/16 v1.09 sin cos tan (DPC)
)
(/usr/share/texlive/texmf-dist/tex/latex/latexconfig/graphics.cfg
File: graphics.cfg 2010/04/23 v1.9 graphics configuration of TeX Live
)
Package graphics Info: Driver file: dvips.def on input line 91.

(/usr/share/texlive/texmf-dist/tex/latex/graphics/dvips.def
File: dvips.def 1999/02/16 v3.0i Driver-dependant file (DPC,SPQR)
))
(/usr/share/texlive/texmf-dist/tex/latex/graphics/graphicx.sty
Package: graphicx 1999/02/16 v1.0f Enhanced LaTeX Graphics (DPC,SPQR)
\Gin@req@height=\dimen112
\Gin@req@width=\dimen113
)
(/usr/share/texlive/texmf-dist/tex/latex/graphics/color.sty
Package: color 2005/11/14 v1.0j Standard LaTeX Color (DPC)

(/usr/share/texlive/texmf-dist/tex/latex/latexconfig/color.cfg
File: color.cfg 2007/01/18 v1.5 color configuration of teTeX/TeXLive
)
Package color Info: Driver file: dvips.def on input line 130.

(/usr/share/texlive/texmf-dist/tex/latex/graphics/dvipsnam.def
File: dvipsnam.def 1999/02/16 v3.0i Driver-dependant file (DPC,SPQR)
))
(/usr/share/texlive/texmf-dist/tex/latex/amsfonts/amssymb.sty
Package: amssymb 2013/01/14 v3.01 AMS font symbols

(/usr/share/texlive/texmf-dist/tex/latex/amsfonts/amsfonts.sty
Package: amsfonts 2013/01/14 v3.01 Basic AMSFonts support
\@emptytoks=\toks16
\symAMSa=\mathgroup4
\symAMSb=\mathgroup5
LaTeX Font Info:    Overwriting math alphabet `\mathfrak' in version `bold'
(Font)                  U/euf/m/n --> U/euf/b/n on input line 106.
))
(/usr/share/texlive/texmf-dist/tex/latex/base/latexsym.sty
Package: latexsym 1998/08/17 v2.2e Standard LaTeX package (lasy symbols)
\symlasy=\mathgroup6
LaTeX Font Info:    Overwriting symbol font `lasy' in version `bold'
(Font)                  U/lasy/m/n --> U/lasy/b/n on input line 47.
)
(/usr/share/texlive/texmf-dist/tex/latex/rotating/rotating.sty
Package: rotating 2009/03/28 v2.16a rotated objects in LaTeX

(/usr/share/texlive/texmf-dist/tex/latex/base/ifthen.sty
Package: ifthen 2001/05/26 v1.1c Standard LaTeX ifthen package (DPC)
)
\c@r@tfl@t=\count108
\rotFPtop=\skip43
\rotFPbot=\skip44
\rot@float@box=\box26
\rot@mess@toks=\toks17
)
(/usr/share/texlive/texmf-dist/tex/latex/graphics/lscape.sty
Package: lscape 2000/10/22 v3.01 Landscape Pages (DPC)
)
(/usr/share/texlive/texmf-dist/tex/latex/tools/enumerate.sty
Package: enumerate 1999/03/05 v3.00 enumerate extensions (DPC)
\@enLab=\toks18
)
(/usr/share/texlive/texmf-dist/tex/latex/tools/array.sty
Package: array 2008/09/09 v2.4c Tabular extension package (FMi)
\col@sep=\dimen114
\extrarowheight=\dimen115
\NC@list=\toks19
\extratabsurround=\skip45
\backup@length=\skip46
)
(./MultimodeFloquet.aux)
\openout1 = `MultimodeFloquet.aux'.

LaTeX Font Info:    Checking defaults for OML/cmm/m/it on input line 29.
LaTeX Font Info:    ... okay on input line 29.
LaTeX Font Info:    Checking defaults for T1/cmr/m/n on input line 29.
LaTeX Font Info:    ... okay on input line 29.
LaTeX Font Info:    Checking defaults for OT1/cmr/m/n on input line 29.
LaTeX Font Info:    ... okay on input line 29.
LaTeX Font Info:    Checking defaults for OMS/cmsy/m/n on input line 29.
LaTeX Font Info:    ... okay on input line 29.
LaTeX Font Info:    Checking defaults for OMX/cmex/m/n on input line 29.
LaTeX Font Info:    ... okay on input line 29.
LaTeX Font Info:    Checking defaults for U/cmr/m/n on input line 29.
LaTeX Font Info:    ... okay on input line 29.

*geometry* driver: auto-detecting
*geometry* detected driver: dvips
*geometry* verbose mode - [ preamble ] result:
* driver: dvips
* paper: a4paper
* layout: <same size as paper>
* layoutoffset:(h,v)=(0.0pt,0.0pt)
* bindingoffset: 21.68121pt
* modes: 
* h-part:(L,W,R)=(50.58878pt, 474.64911pt, 50.58878pt)
* v-part:(T,H,B)=(50.58878pt, 743.8693pt, 50.58878pt)
* \paperwidth=597.50787pt
* \paperheight=845.04684pt
* \textwidth=474.64911pt
* \textheight=743.8693pt
* \oddsidemargin=0.0pt
* \evensidemargin=-21.68121pt
* \topmargin=-58.68121pt
* \headheight=12.0pt
* \headsep=25.0pt
* \topskip=10.0pt
* \footskip=9.03374pt
* \marginparwidth=57.0pt
* \marginparsep=11.0pt
* \columnsep=10.0pt
* \skip\footins=9.0pt plus 4.0pt minus 2.0pt
* \hoffset=0.0pt
* \voffset=0.0pt
* \mag=1000
* \@twocolumnfalse
* \@twosidefalse
* \@mparswitchfalse
* \@reversemarginfalse
* (1in=72.27pt=25.4mm, 1cm=28.453pt)

LaTeX Font Info:    Try loading font information for U+msa on input line 30.
(/usr/share/texlive/texmf-dist/tex/latex/amsfonts/umsa.fd
File: umsa.fd 2013/01/14 v3.01 AMS symbols A
)
LaTeX Font Info:    Try loading font information for U+msb on input line 30.

(/usr/share/texlive/texmf-dist/tex/latex/amsfonts/umsb.fd
File: umsb.fd 2013/01/14 v3.01 AMS symbols B
)
LaTeX Font Info:    Try loading font information for U+lasy on input line 30.

(/usr/share/texlive/texmf-dist/tex/latex/base/ulasy.fd
File: ulasy.fd 1998/08/17 v2.2e LaTeX symbol font definitions
)

LaTeX Warning: No \author given.

LaTeX Font Info:    Try loading font information for OMS+cmr on input line 41.
(/usr/share/texlive/texmf-dist/tex/latex/base/omscmr.fd
File: omscmr.fd 1999/05/25 v2.5h Standard LaTeX font definitions
)
LaTeX Font Info:    Font shape `OMS/cmr/m/n' in size <10> not available
(Font)              Font shape `OMS/cmsy/m/n' tried instead on input line 41.
 [1

] [2]
Overfull \hbox (8.34668pt too wide) in paragraph at lines 183--183
[]\OT1/cmtt/m/n/10 CALL  SETHAMILTONIANCOMPONENTS(ID,size(modes_num,1),total_fr
equencies,MODES_NUM,FIELDS,INFO)[] 
 []


LaTeX Warning: Reference `sec:InitOption' on page 3 undefined on input line 186
.

[3]
Overfull \hbox (3.09673pt too wide) in paragraph at lines 194--194
[]  \OT1/cmtt/m/n/10 CALL MULTIMODEFLOQUETMATRIX(ID,size(modes_num,1),total_fre
quencies,MODES_NUM,FIELDS,INFO)[] 
 []


Overfull \hbox (8.34668pt too wide) in paragraph at lines 234--234
[]                                                          \OT1/cmtt/m/n/10 ID
%D_BARE,FIELDS,T1,T2,U_AUX,INFO)[] 
 []

[4] [5]
Overfull \hbox (3.09673pt too wide) in paragraph at lines 358--358
[]\OT1/cmtt/m/n/10 CALL SETHAMILTONIANCOMPONENTS(ID,size(modes_num,1),total_fre
quencies,MODES_NUM,FIELDS,INFO)[] 
 []


Overfull \hbox (6.4336pt too wide) in paragraph at lines 366--367
[]\OT1/cmr/m/n/10 The pro-to-type of all func-tion en-abled for C++ are de-clar
ed in the header file []\OT1/cmtt/m/n/10 include/MultimodeFloquet.h\OT1/cmr/m/n
/10 .
 []


Overfull \hbox (127.29657pt too wide) in paragraph at lines 370--371
\OT1/cmr/m/n/10 If you find any bug please con-tact the de-vel-op-ing team us-i
ng the github host-ing link https://github.com/gsinuco/MultimodeFloquet/release
s 
 []

[6] [7] [8]
Overfull \hbox (24.09654pt too wide) in paragraph at lines 577--577
[]  \OT1/cmtt/m/n/10 ! JTOTAL   :  IF ATOMICSPECIE .EQ. SPIN THEN JTOTAL IS THE
 TOTAL ANGULAR MOMENTUM OF THE SPIN[] 
 []

[9] [10] [11]
Overfull \hbox (45.09636pt too wide) in paragraph at lines 739--739
[]\OT1/cmtt/m/n/10 SUBROUTINE MULTIMODEFLOQUETMATRIX_SP(ATOM__,NM,NF,MODES_NUM,
FIELDS,VALUES_,ROW_INDEX_,COLUMN_,INFO)[] 
 []


Overfull \hbox (8.34668pt too wide) in paragraph at lines 739--739
[]\OT1/cmtt/m/n/10 !MODES_NUM  (IN)    : vector indicating the number of harmon
ics of each driving field (mode)[] 
 []


Overfull \hbox (87.096pt too wide) in paragraph at lines 775--775
[]\OT1/cmtt/m/n/10 !!$  D              (IN)   : DIMENSION OF THE EXTENDED HILBE
RT SPACE (SIZE OF THE MULTIMODE FLOQUET MATRIX)[] 
 []


Overfull \hbox (39.8464pt too wide) in paragraph at lines 775--775
[]\OT1/cmtt/m/n/10 !!$  U              (OUT)  : TRANFORMATION BETWEEN THE EXTEN
DED BARE BASIS AND THE FLOQUET STATES,[] 
 []

[12]
Overfull \hbox (39.8464pt too wide) in paragraph at lines 814--814
[]\OT1/cmtt/m/n/10 SUBROUTINE MULTIMODEMICROMOTION(ID,D,NM,MODES_NUM,U_F_MODES,
E_MULTIFLOQUET,D_BARE,FIELD,T1,U,INFO)[] 
 []


Overfull \hbox (87.096pt too wide) in paragraph at lines 814--814
[]\OT1/cmtt/m/n/10 !!$  D              (IN)   : DIMENSION OF THE EXTENDED HILBE
RT SPACE (SIZE OF THE MULTIMODE FLOQUET MATRIX)[] 
 []


Overfull \hbox (150.09544pt too wide) in paragraph at lines 814--814
[]\OT1/cmtt/m/n/10 !!$  U              (OUT)  : TRANFORMATION BETWEEN THE EXTEN
DED BARE BASIS AND THE FLOQUET STATES, DIMENSION (D_BARE,D)[] 
 []


Overfull \hbox (3.09673pt too wide) in paragraph at lines 838--838
[]\OT1/cmtt/m/n/10 ! DRESSINGFIELDS_INDICES (in) :: integer array indicating th
e indices of the dressing modes[] 
 []


Overfull \hbox (8.34668pt too wide) in paragraph at lines 838--838
[]\OT1/cmtt/m/n/10 ! MODES_NUM (in)    :: integer array indicating the number o
f harmonics of all driving modes[] 
 []


Overfull \hbox (108.09581pt too wide) in paragraph at lines 838--838
[]\OT1/cmtt/m/n/10 ! U_FD      (out)   :: complex*16 matrix fourier decompositi
on of the micromotion operator of the dressed basis[] 
 []

[13]
Overfull \hbox (186.84512pt too wide) in paragraph at lines 870--870
[]\OT1/cmtt/m/n/10 ! U_F_MODES      :: complex*16 matrix of dimension DxD. Four
ier decomposition of the micromotion operator of the dressed basis[] 
 []


Overfull \hbox (45.09636pt too wide) in paragraph at lines 870--870
[]\OT1/cmtt/m/n/10 ! U              :: complex*16 matrix of dimension D_BARE x 
D_BARE. micromotion operator at time T1[] 
 []

[14]
Overfull \hbox (45.09636pt too wide) in paragraph at lines 945--945
[]\OT1/cmtt/m/n/10 !!$ MODES_NUM                    : VECTOR INDICATING THE NUM
BER OF HARMONICS OF EACH DRESSING FIELD[] 
 []


Overfull \hbox (45.09636pt too wide) in paragraph at lines 981--981
[]\OT1/cmtt/m/n/10 !!$ MODES_NUM                    : VECTOR INDICATING THE NUM
BER OF HARMONICS OF EACH DRESSING FIELD[] 
 []

[15]
Overfull \hbox (3.09673pt too wide) in paragraph at lines 1050--1050
[]\OT1/cmtt/m/n/10 ! DRESSINGFIELDS_INDICES (in) :: integer array indicating th
e indices of the dressing modes[] 
 []


Overfull \hbox (8.34668pt too wide) in paragraph at lines 1050--1050
[]\OT1/cmtt/m/n/10 ! MODES_NUM (in)    :: integer array indicating the number o
f harmonics of all driving modes[] 
 []

[16] [17] [18]
Overfull \hbox (13.59663pt too wide) in paragraph at lines 1224--1224
[]\OT1/cmtt/m/n/10 SUBROUTINE MKLSPARSE_FULLEIGENVALUES(D,DV,VALUES,ROW_INDEX,C
OLUMN,E_L,E_R,E_FLOQUET,U_F,INFO)[] 
 []

[19] (./MultimodeFloquet.bbl [20]) [21] (./MultimodeFloquet.aux)

LaTeX Warning: There were undefined references.

 ) 
Here is how much of TeX's memory you used:
 1966 strings out of 495029
 27130 string characters out of 6181523
 87799 words of memory out of 5000000
 5144 multiletter control sequences out of 15000+600000
 12653 words of font info for 53 fonts, out of 8000000 for 9000
 14 hyphenation exceptions out of 8191
 25i,7n,26p,1144b,251s stack positions out of 5000i,500n,10000p,200000b,80000s

Output written on MultimodeFloquet.dvi (21 pages, 73036 bytes).
